# JRE version: Java(TM) SE Runtime Environment (8.0_20-b26) (build 1.8.0_20-b26)
# Java VM: Java HotSpot(TM) 64-Bit Server VM (25.20-b23 mixed mode bsd-amd64 compressed oops)
Heap:
 PSYoungGen      total 48640K, used 29321K [0x0000000795580000, 0x000000079b280000, 0x00000007c0000000)
  eden space 33280K, 54% used [0x0000000795580000,0x000000079670e348,0x0000000797600000)
  from space 15360K, 73% used [0x0000000798480000,0x0000000798f941f0,0x0000000799380000)
  to   space 14848K, 0% used [0x0000000797600000,0x0000000797600000,0x0000000798480000)
 ParOldGen       total 87552K, used 27803K [0x0000000740000000, 0x0000000745580000, 0x0000000795580000)
  object space 87552K, 31% used [0x0000000740000000,0x0000000741b26fa8,0x0000000745580000)
 Metaspace       used 9805K, capacity 9957K, committed 10240K, reserved 1058816K
  class space    used 935K, capacity 989K, committed 1024K, reserved 1048576K
GC Heap History (10 events):
Event: 9.425 GC heap before
{Heap before GC invocations=2 (full 0):
 PSYoungGen      total 38400K, used 38388K [0x0000000795580000, 0x0000000798000000, 0x00000007c0000000)
  eden space 33280K, 100% used [0x0000000795580000,0x0000000797600000,0x0000000797600000)
  from space 5120K, 99% used [0x0000000797600000,0x0000000797afd068,0x0000000797b00000)
  to   space 5120K, 0% used [0x0000000797b00000,0x0000000797b00000,0x0000000798000000)
 ParOldGen       total 87552K, used 1025K [0x0000000740000000, 0x0000000745580000, 0x0000000795580000)
  object space 87552K, 1% used [0x0000000740000000,0x0000000740100428,0x0000000745580000)
 Metaspace       used 9726K, capacity 9893K, committed 9984K, reserved 1058816K
  class space    used 933K, capacity 989K, committed 1024K, reserved 1048576K
Event: 9.442 GC heap after
Heap after GC invocations=2 (full 0):
 PSYoungGen      total 38400K, used 5104K [0x0000000795580000, 0x0000000798000000, 0x00000007c0000000)
  eden space 33280K, 0% used [0x0000000795580000,0x0000000795580000,0x0000000797600000)
  from space 5120K, 99% used [0x0000000797b00000,0x0000000797ffc3f0,0x0000000798000000)
  to   space 5120K, 0% used [0x0000000797600000,0x0000000797600000,0x0000000797b00000)
 ParOldGen       total 87552K, used 7635K [0x0000000740000000, 0x0000000745580000, 0x0000000795580000)
  object space 87552K, 8% used [0x0000000740000000,0x0000000740774c18,0x0000000745580000)
 Metaspace       used 9726K, capacity 9893K, committed 9984K, reserved 1058816K
  class space    used 933K, capacity 989K, committed 1024K, reserved 1048576K
}
Event: 10.815 GC heap before
{Heap before GC invocations=3 (full 0):
 PSYoungGen      total 38400K, used 38384K [0x0000000795580000, 0x0000000798000000, 0x00000007c0000000)
  eden space 33280K, 100% used [0x0000000795580000,0x0000000797600000,0x0000000797600000)
  from space 5120K, 99% used [0x0000000797b00000,0x0000000797ffc3f0,0x0000000798000000)
  to   space 5120K, 0% used [0x0000000797600000,0x0000000797600000,0x0000000797b00000)
 ParOldGen       total 87552K, used 7635K [0x0000000740000000, 0x0000000745580000, 0x0000000795580000)
  object space 87552K, 8% used [0x0000000740000000,0x0000000740774c18,0x0000000745580000)
 Metaspace       used 9747K, capacity 9893K, committed 9984K, reserved 1058816K
  class space    used 934K, capacity 989K, committed 1024K, reserved 1048576K
Event: 10.825 GC heap after
Heap after GC invocations=3 (full 0):
 PSYoungGen      total 38400K, used 5115K [0x0000000795580000, 0x0000000798000000, 0x00000007c0000000)
  eden space 33280K, 0% used [0x0000000795580000,0x0000000795580000,0x0000000797600000)
  from space 5120K, 99% used [0x0000000797600000,0x0000000797afeda0,0x0000000797b00000)
  to   space 5120K, 0% used [0x0000000797b00000,0x0000000797b00000,0x0000000798000000)
 ParOldGen       total 87552K, used 14408K [0x0000000740000000, 0x0000000745580000, 0x0000000795580000)
  object space 87552K, 16% used [0x0000000740000000,0x0000000740e12038,0x0000000745580000)
 Metaspace       used 9747K, capacity 9893K, committed 9984K, reserved 1058816K
  class space    used 934K, capacity 989K, committed 1024K, reserved 1048576K
}
Event: 12.223 GC heap before
{Heap before GC invocations=4 (full 0):
 PSYoungGen      total 38400K, used 38395K [0x0000000795580000, 0x0000000798000000, 0x00000007c0000000)
  eden space 33280K, 100% used [0x0000000795580000,0x0000000797600000,0x0000000797600000)
  from space 5120K, 99% used [0x0000000797600000,0x0000000797afeda0,0x0000000797b00000)
  to   space 5120K, 0% used [0x0000000797b00000,0x0000000797b00000,0x0000000798000000)
 ParOldGen       total 87552K, used 14408K [0x0000000740000000, 0x0000000745580000, 0x0000000795580000)
  object space 87552K, 16% used [0x0000000740000000,0x0000000740e12038,0x0000000745580000)
 Metaspace       used 9764K, capacity 9893K, committed 9984K, reserved 1058816K
  class space    used 934K, capacity 989K, committed 1024K, reserved 1048576K
Event: 12.235 GC heap after
Heap after GC invocations=4 (full 0):
 PSYoungGen      total 38400K, used 5111K [0x0000000795580000, 0x0000000798000000, 0x00000007c0000000)
  eden space 33280K, 0% used [0x0000000795580000,0x0000000795580000,0x0000000797600000)
  from space 5120K, 99% used [0x0000000797b00000,0x0000000797ffdc70,0x0000000798000000)
  to   space 5120K, 0% used [0x0000000797600000,0x0000000797600000,0x0000000797b00000)
 ParOldGen       total 87552K, used 21250K [0x0000000740000000, 0x0000000745580000, 0x0000000795580000)
  object space 87552K, 24% used [0x0000000740000000,0x00000007414c0a50,0x0000000745580000)
 Metaspace       used 9764K, capacity 9893K, committed 9984K, reserved 1058816K
  class space    used 934K, capacity 989K, committed 1024K, reserved 1048576K
}
Event: 13.464 GC heap before
{Heap before GC invocations=5 (full 0):
 PSYoungGen      total 38400K, used 38391K [0x0000000795580000, 0x0000000798000000, 0x00000007c0000000)
  eden space 33280K, 100% used [0x0000000795580000,0x0000000797600000,0x0000000797600000)
  from space 5120K, 99% used [0x0000000797b00000,0x0000000797ffdc70,0x0000000798000000)
  to   space 5120K, 0% used [0x0000000797600000,0x0000000797600000,0x0000000797b00000)
 ParOldGen       total 87552K, used 21250K [0x0000000740000000, 0x0000000745580000, 0x0000000795580000)
  object space 87552K, 24% used [0x0000000740000000,0x00000007414c0a50,0x0000000745580000)
 Metaspace       used 9767K, capacity 9893K, committed 9984K, reserved 1058816K
  class space    used 934K, capacity 989K, committed 1024K, reserved 1048576K
Event: 13.478 GC heap after
Heap after GC invocations=5 (full 0):
 PSYoungGen      total 37888K, used 5111K [0x0000000795580000, 0x0000000799380000, 0x00000007c0000000)
  eden space 32768K, 0% used [0x0000000795580000,0x0000000795580000,0x0000000797580000)
  from space 5120K, 99% used [0x0000000797600000,0x0000000797afdc90,0x0000000797b00000)
  to   space 15360K, 0% used [0x0000000798480000,0x0000000798480000,0x0000000799380000)
 ParOldGen       total 87552K, used 27803K [0x0000000740000000, 0x0000000745580000, 0x0000000795580000)
  object space 87552K, 31% used [0x0000000740000000,0x0000000741b26fa8,0x0000000745580000)
 Metaspace       used 9767K, capacity 9893K, committed 9984K, reserved 1058816K
  class space    used 934K, capacity 989K, committed 1024K, reserved 1048576K
}
Event: 14.683 GC heap before
{Heap before GC invocations=6 (full 0):
 PSYoungGen      total 37888K, used 37879K [0x0000000795580000, 0x0000000799380000, 0x00000007c0000000)
  eden space 32768K, 100% used [0x0000000795580000,0x0000000797580000,0x0000000797580000)
  from space 5120K, 99% used [0x0000000797600000,0x0000000797afdc90,0x0000000797b00000)
  to   space 15360K, 0% used [0x0000000798480000,0x0000000798480000,0x0000000799380000)
 ParOldGen       total 87552K, used 27803K [0x0000000740000000, 0x0000000745580000, 0x0000000795580000)
  object space 87552K, 31% used [0x0000000740000000,0x0000000741b26fa8,0x0000000745580000)
 Metaspace       used 9797K, capacity 9957K, committed 10240K, reserved 1058816K
  class space    used 934K, capacity 989K, committed 1024K, reserved 1048576K
Event: 14.715 GC heap after
Heap after GC invocations=6 (full 0):
 PSYoungGen      total 48640K, used 11344K [0x0000000795580000, 0x000000079b280000, 0x00000007c0000000)
  eden space 33280K, 0% used [0x0000000795580000,0x0000000795580000,0x0000000797600000)
  from space 15360K, 73% used [0x0000000798480000,0x0000000798f941f0,0x0000000799380000)
  to   space 14848K, 0% used [0x0000000797600000,0x0000000797600000,0x0000000798480000)
 ParOldGen       total 87552K, used 27803K [0x0000000740000000, 0x0000000745580000, 0x0000000795580000)
  object space 87552K, 31% used [0x0000000740000000,0x0000000741b26fa8,0x0000000745580000)
 Metaspace       used 9797K, capacity 9957K, committed 10240K, reserved 1058816K
  class space    used 934K, capacity 989K, committed 1024K, reserved 1048576K
}

